[06-Aug-2023 11:58:12 UTC] Cron reschedule event error for hook: wp_nf_update_fields_cron, Error code: invalid_schedule, Error message: Event schedule does not exist., Data: {"schedule":"wp_nf_update_fields_cron_interval","args":[],"interval":300}
[06-Aug-2023 15:50:25 UTC] PHP Fatal error:  Uncaught Error: Undefined constant "_FILE_" in /Users/KaizenTech/Desktop/coding/tobyhogan-space/dynamic-non-live-site/app/public/wp-content/plugins/faded-borders-for-images/border.php:35
Stack trace:
#0 /Users/KaizenTech/Desktop/coding/tobyhogan-space/dynamic-non-live-site/app/public/wp-admin/includes/plugin.php(2314): include_once()
#1 /Users/KaizenTech/Desktop/coding/tobyhogan-space/dynamic-non-live-site/app/public/wp-admin/includes/plugin.php(661): plugin_sandbox_scrape('faded-borders-f...')
#2 /Users/KaizenTech/Desktop/coding/tobyhogan-space/dynamic-non-live-site/app/public/wp-admin/plugins.php(58): activate_plugin('faded-borders-f...', 'http://non-live...', false)
#3 {main}
  thrown in /Users/KaizenTech/Desktop/coding/tobyhogan-space/dynamic-non-live-site/app/public/wp-content/plugins/faded-borders-for-images/border.php on line 35
[06-Aug-2023 15:50:25 UTC] PHP Fatal error:  Uncaught Error: Undefined constant "_FILE_" in /Users/KaizenTech/Desktop/coding/tobyhogan-space/dynamic-non-live-site/app/public/wp-content/plugins/faded-borders-for-images/border.php:35
Stack trace:
#0 /Users/KaizenTech/Desktop/coding/tobyhogan-space/dynamic-non-live-site/app/public/wp-admin/includes/plugin.php(2314): include_once()
#1 /Users/KaizenTech/Desktop/coding/tobyhogan-space/dynamic-non-live-site/app/public/wp-admin/plugins.php(192): plugin_sandbox_scrape('faded-borders-f...')
#2 {main}
  thrown in /Users/KaizenTech/Desktop/coding/tobyhogan-space/dynamic-non-live-site/app/public/wp-content/plugins/faded-borders-for-images/border.php on line 35
[06-Aug-2023 15:50:25 UTC] PHP Fatal error:  Uncaught Error: Undefined constant "_FILE_" in /Users/KaizenTech/Desktop/coding/tobyhogan-space/dynamic-non-live-site/app/public/wp-content/plugins/faded-borders-for-images/border.php:35
Stack trace:
#0 /Users/KaizenTech/Desktop/coding/tobyhogan-space/dynamic-non-live-site/app/public/wp-admin/includes/plugin.php(2314): include_once()
#1 /Users/KaizenTech/Desktop/coding/tobyhogan-space/dynamic-non-live-site/app/public/wp-admin/plugins.php(192): plugin_sandbox_scrape('faded-borders-f...')
#2 {main}
  thrown in /Users/KaizenTech/Desktop/coding/tobyhogan-space/dynamic-non-live-site/app/public/wp-content/plugins/faded-borders-for-images/border.php on line 35
[08-Aug-2023 15:06:46 UTC] PHP Warning:  Trying to access array offset on value of type null in /Users/KaizenTech/Desktop/coding/tobyhogan-space/dynamic-non-live-site/app/public/wp-includes/block-supports/duotone.php on line 416
[08-Aug-2023 15:06:46 UTC] PHP Warning:  Trying to access array offset on value of type null in /Users/KaizenTech/Desktop/coding/tobyhogan-space/dynamic-non-live-site/app/public/wp-includes/block-supports/duotone.php on line 417
[08-Aug-2023 15:06:46 UTC] PHP Warning:  Trying to access array offset on value of type null in /Users/KaizenTech/Desktop/coding/tobyhogan-space/dynamic-non-live-site/app/public/wp-includes/block-supports/duotone.php on line 418
[08-Aug-2023 15:06:46 UTC] PHP Warning:  Trying to access array offset on value of type null in /Users/KaizenTech/Desktop/coding/tobyhogan-space/dynamic-non-live-site/app/public/wp-includes/block-supports/duotone.php on line 419
[08-Aug-2023 15:06:48 UTC] PHP Warning:  Trying to access array offset on value of type null in /Users/KaizenTech/Desktop/coding/tobyhogan-space/dynamic-non-live-site/app/public/wp-includes/block-supports/duotone.php on line 416
[08-Aug-2023 15:06:48 UTC] PHP Warning:  Trying to access array offset on value of type null in /Users/KaizenTech/Desktop/coding/tobyhogan-space/dynamic-non-live-site/app/public/wp-includes/block-supports/duotone.php on line 417
[08-Aug-2023 15:06:48 UTC] PHP Warning:  Trying to access array offset on value of type null in /Users/KaizenTech/Desktop/coding/tobyhogan-space/dynamic-non-live-site/app/public/wp-includes/block-supports/duotone.php on line 418
[08-Aug-2023 15:06:48 UTC] PHP Warning:  Trying to access array offset on value of type null in /Users/KaizenTech/Desktop/coding/tobyhogan-space/dynamic-non-live-site/app/public/wp-includes/block-supports/duotone.php on line 419
[08-Aug-2023 15:06:58 UTC] PHP Warning:  Trying to access array offset on value of type null in /Users/KaizenTech/Desktop/coding/tobyhogan-space/dynamic-non-live-site/app/public/wp-includes/block-supports/duotone.php on line 416
[08-Aug-2023 15:06:58 UTC] PHP Warning:  Trying to access array offset on value of type null in /Users/KaizenTech/Desktop/coding/tobyhogan-space/dynamic-non-live-site/app/public/wp-includes/block-supports/duotone.php on line 417
[08-Aug-2023 15:06:58 UTC] PHP Warning:  Trying to access array offset on value of type null in /Users/KaizenTech/Desktop/coding/tobyhogan-space/dynamic-non-live-site/app/public/wp-includes/block-supports/duotone.php on line 418
[08-Aug-2023 15:06:58 UTC] PHP Warning:  Trying to access array offset on value of type null in /Users/KaizenTech/Desktop/coding/tobyhogan-space/dynamic-non-live-site/app/public/wp-includes/block-supports/duotone.php on line 419
[08-Aug-2023 15:07:01 UTC] PHP Warning:  Trying to access array offset on value of type null in /Users/KaizenTech/Desktop/coding/tobyhogan-space/dynamic-non-live-site/app/public/wp-includes/block-supports/duotone.php on line 416
[08-Aug-2023 15:07:01 UTC] PHP Warning:  Trying to access array offset on value of type null in /Users/KaizenTech/Desktop/coding/tobyhogan-space/dynamic-non-live-site/app/public/wp-includes/block-supports/duotone.php on line 417
[08-Aug-2023 15:07:01 UTC] PHP Warning:  Trying to access array offset on value of type null in /Users/KaizenTech/Desktop/coding/tobyhogan-space/dynamic-non-live-site/app/public/wp-includes/block-supports/duotone.php on line 418
[08-Aug-2023 15:07:01 UTC] PHP Warning:  Trying to access array offset on value of type null in /Users/KaizenTech/Desktop/coding/tobyhogan-space/dynamic-non-live-site/app/public/wp-includes/block-supports/duotone.php on line 419
[08-Aug-2023 15:07:02 UTC] PHP Warning:  Trying to access array offset on value of type null in /Users/KaizenTech/Desktop/coding/tobyhogan-space/dynamic-non-live-site/app/public/wp-includes/block-supports/duotone.php on line 416
[08-Aug-2023 15:07:02 UTC] PHP Warning:  Trying to access array offset on value of type null in /Users/KaizenTech/Desktop/coding/tobyhogan-space/dynamic-non-live-site/app/public/wp-includes/block-supports/duotone.php on line 417
[08-Aug-2023 15:07:02 UTC] PHP Warning:  Trying to access array offset on value of type null in /Users/KaizenTech/Desktop/coding/tobyhogan-space/dynamic-non-live-site/app/public/wp-includes/block-supports/duotone.php on line 418
[08-Aug-2023 15:07:02 UTC] PHP Warning:  Trying to access array offset on value of type null in /Users/KaizenTech/Desktop/coding/tobyhogan-space/dynamic-non-live-site/app/public/wp-includes/block-supports/duotone.php on line 419
[08-Aug-2023 20:32:42 UTC] PHP Warning:  Undefined array key "d" in /Users/KaizenTech/Desktop/coding/tobyhogan-space/dynamic-non-live-site/app/public/wp-content/plugins/wpforms-lite/src/Integrations/Gutenberg/FormSelector.php on line 724
[08-Aug-2023 20:32:42 UTC] PHP Warning:  foreach() argument must be of type array|object, null given in /Users/KaizenTech/Desktop/coding/tobyhogan-space/dynamic-non-live-site/app/public/wp-content/plugins/wpforms-lite/src/Frontend/CSSVars.php on line 218
[08-Aug-2023 20:38:31 UTC] Cron reschedule event error for hook: action_scheduler_run_queue, Error code: could_not_set, Error message: The cron event list could not be saved., Data: {"schedule":"every_minute","args":["WP Cron"],"interval":60}
[09-Aug-2023 12:16:51 UTC] PHP Warning:  An unexpected error occurred. Something may be wrong with WordPress.org or this server&#8217;s configuration. If you continue to have problems, please try the <a href="https://wordpress.org/support/forums/">support forums</a>. (WordPress could not establish a secure connection to WordPress.org. Please contact your server administrator.) in /Users/KaizenTech/Desktop/coding/tobyhogan-space/dynamic-non-live-site/app/public/wp-admin/includes/update.php on line 143
[09-Aug-2023 12:16:51 UTC] PHP Warning:  An unexpected error occurred. Something may be wrong with WordPress.org or this server&#8217;s configuration. If you continue to have problems, please try the <a href="https://wordpress.org/support/forums/">support forums</a>. (WordPress could not establish a secure connection to WordPress.org. Please contact your server administrator.) in /Users/KaizenTech/Desktop/coding/tobyhogan-space/dynamic-non-live-site/app/public/wp-includes/update.php on line 209
[09-Aug-2023 12:16:51 UTC] PHP Warning:  An unexpected error occurred. Something may be wrong with WordPress.org or this server&#8217;s configuration. If you continue to have problems, please try the <a href="https://wordpress.org/support/forums/">support forums</a>. (WordPress could not establish a secure connection to WordPress.org. Please contact your server administrator.) in /Users/KaizenTech/Desktop/coding/tobyhogan-space/dynamic-non-live-site/app/public/wp-includes/update.php on line 447
[09-Aug-2023 12:16:51 UTC] PHP Warning:  An unexpected error occurred. Something may be wrong with WordPress.org or this server&#8217;s configuration. If you continue to have problems, please try the <a href="https://wordpress.org/support/forums/">support forums</a>. (WordPress could not establish a secure connection to WordPress.org. Please contact your server administrator.) in /Users/KaizenTech/Desktop/coding/tobyhogan-space/dynamic-non-live-site/app/public/wp-includes/update.php on line 728
[27-Sep-2023 01:29:11 UTC] PHP Warning:  Undefined array key "url" in /Users/KaizenTech/Desktop/coding/tobyhogan-space/dynamic-non-live-site/app/public/wp-content/plugins/wpforms-lite/src/Forms/IconChoices.php on line 127
[27-Sep-2023 01:29:11 UTC] PHP Warning:  Undefined array key "path" in /Users/KaizenTech/Desktop/coding/tobyhogan-space/dynamic-non-live-site/app/public/wp-content/plugins/wpforms-lite/src/Forms/IconChoices.php on line 128
[27-Sep-2023 01:29:22 UTC] Cron reschedule event error for hook: nf_marketing_feed_cron, Error code: invalid_schedule, Error message: Event schedule does not exist., Data: {"schedule":"nf-weekly","args":[],"interval":604800}
[27-Sep-2023 01:29:22 UTC] Cron reschedule event error for hook: nf_weekly_promotion_update, Error code: invalid_schedule, Error message: Event schedule does not exist., Data: {"schedule":"nf-weekly","args":[],"interval":604800}
[27-Sep-2023 01:29:28 UTC] Cron reschedule event error for hook: nf_optin_cron, Error code: invalid_schedule, Error message: Event schedule does not exist., Data: {"schedule":"nf-monthly","args":[],"interval":2678400}
[27-Sep-2023 02:14:30 UTC] PHP Warning:  Failed loading Zend extension 'php_opcache.dll' (tried: C:/Users/tobyh/AppData/Roaming/Local/lightning-services/php-8.0.30+0/bin/win64/ext\php_opcache.dll (The specified procedure could not be found), C:/Users/tobyh/AppData/Roaming/Local/lightning-services/php-8.0.30+0/bin/win64/ext\php_php_opcache.dll.dll (The specified module could not be found)) in Unknown on line 0
[27-Sep-2023 02:14:30 UTC] PHP Warning:  Failed loading Zend extension 'php_xdebug.dll' (tried: C:/Users/tobyh/AppData/Roaming/Local/lightning-services/php-8.0.30+0/bin/win64/ext\php_xdebug.dll (The specified procedure could not be found), C:/Users/tobyh/AppData/Roaming/Local/lightning-services/php-8.0.30+0/bin/win64/ext\php_php_xdebug.dll.dll (The specified module could not be found)) in Unknown on line 0
[27-Sep-2023 02:14:30 UTC] PHP Warning:  PHP Startup: Unable to load dynamic library 'php_curl.dll' (tried: C:/Users/tobyh/AppData/Roaming/Local/lightning-services/php-8.0.30+0/bin/win64/ext\php_curl.dll (The specified procedure could not be found), C:/Users/tobyh/AppData/Roaming/Local/lightning-services/php-8.0.30+0/bin/win64/ext\php_php_curl.dll.dll (The specified module could not be found)) in Unknown on line 0
[27-Sep-2023 02:14:30 UTC] PHP Warning:  PHP Startup: Unable to load dynamic library 'php_gettext.dll' (tried: C:/Users/tobyh/AppData/Roaming/Local/lightning-services/php-8.0.30+0/bin/win64/ext\php_gettext.dll (The specified procedure could not be found), C:/Users/tobyh/AppData/Roaming/Local/lightning-services/php-8.0.30+0/bin/win64/ext\php_php_gettext.dll.dll (The specified module could not be found)) in Unknown on line 0
[27-Sep-2023 02:14:30 UTC] PHP Warning:  PHP Startup: Unable to load dynamic library 'php_openssl.dll' (tried: C:/Users/tobyh/AppData/Roaming/Local/lightning-services/php-8.0.30+0/bin/win64/ext\php_openssl.dll (The specified procedure could not be found), C:/Users/tobyh/AppData/Roaming/Local/lightning-services/php-8.0.30+0/bin/win64/ext\php_php_openssl.dll.dll (The specified module could not be found)) in Unknown on line 0
[27-Sep-2023 02:14:30 UTC] PHP Warning:  PHP Startup: Unable to load dynamic library 'php_exif.dll' (tried: C:/Users/tobyh/AppData/Roaming/Local/lightning-services/php-8.0.30+0/bin/win64/ext\php_exif.dll (The specified procedure could not be found), C:/Users/tobyh/AppData/Roaming/Local/lightning-services/php-8.0.30+0/bin/win64/ext\php_php_exif.dll.dll (The specified module could not be found)) in Unknown on line 0
[27-Sep-2023 02:14:30 UTC] PHP Warning:  PHP Startup: Unable to load dynamic library 'php_gd.dll' (tried: C:/Users/tobyh/AppData/Roaming/Local/lightning-services/php-8.0.30+0/bin/win64/ext\php_gd.dll (The specified procedure could not be found), C:/Users/tobyh/AppData/Roaming/Local/lightning-services/php-8.0.30+0/bin/win64/ext\php_php_gd.dll.dll (The specified module could not be found)) in Unknown on line 0
[27-Sep-2023 02:14:30 UTC] PHP Warning:  PHP Startup: ftp: Unable to initialize module
Module compiled with module API=20200930
PHP    compiled with module API=20210902
These options need to match
 in Unknown on line 0
[27-Sep-2023 02:14:30 UTC] PHP Warning:  PHP Startup: Unable to load dynamic library 'php_ffi.dll' (tried: C:/Users/tobyh/AppData/Roaming/Local/lightning-services/php-8.0.30+0/bin/win64/ext\php_ffi.dll (The specified procedure could not be found), C:/Users/tobyh/AppData/Roaming/Local/lightning-services/php-8.0.30+0/bin/win64/ext\php_php_ffi.dll.dll (The specified module could not be found)) in Unknown on line 0
[27-Sep-2023 02:14:30 UTC] PHP Warning:  PHP Startup: Unable to load dynamic library 'php_imap.dll' (tried: C:/Users/tobyh/AppData/Roaming/Local/lightning-services/php-8.0.30+0/bin/win64/ext\php_imap.dll (The specified procedure could not be found), C:/Users/tobyh/AppData/Roaming/Local/lightning-services/php-8.0.30+0/bin/win64/ext\php_php_imap.dll.dll (The specified module could not be found)) in Unknown on line 0
[27-Sep-2023 02:14:30 UTC] PHP Warning:  PHP Startup: Unable to load dynamic library 'php_bz2.dll' (tried: C:/Users/tobyh/AppData/Roaming/Local/lightning-services/php-8.0.30+0/bin/win64/ext\php_bz2.dll (The specified procedure could not be found), C:/Users/tobyh/AppData/Roaming/Local/lightning-services/php-8.0.30+0/bin/win64/ext\php_php_bz2.dll.dll (The specified module could not be found)) in Unknown on line 0
[27-Sep-2023 02:14:30 UTC] PHP Warning:  PHP Startup: Unable to load dynamic library 'php_mbstring.dll' (tried: C:/Users/tobyh/AppData/Roaming/Local/lightning-services/php-8.0.30+0/bin/win64/ext\php_mbstring.dll (The specified procedure could not be found), C:/Users/tobyh/AppData/Roaming/Local/lightning-services/php-8.0.30+0/bin/win64/ext\php_php_mbstring.dll.dll (The specified module could not be found)) in Unknown on line 0
[27-Sep-2023 02:14:30 UTC] PHP Warning:  PHP Startup: Unable to load dynamic library 'php_sodium.dll' (tried: C:/Users/tobyh/AppData/Roaming/Local/lightning-services/php-8.0.30+0/bin/win64/ext\php_sodium.dll (The specified procedure could not be found), C:/Users/tobyh/AppData/Roaming/Local/lightning-services/php-8.0.30+0/bin/win64/ext\php_php_sodium.dll.dll (The specified module could not be found)) in Unknown on line 0
[27-Sep-2023 02:14:30 UTC] PHP Warning:  PHP Startup: Unable to load dynamic library 'php_tidy.dll' (tried: C:/Users/tobyh/AppData/Roaming/Local/lightning-services/php-8.0.30+0/bin/win64/ext\php_tidy.dll (The specified procedure could not be found), C:/Users/tobyh/AppData/Roaming/Local/lightning-services/php-8.0.30+0/bin/win64/ext\php_php_tidy.dll.dll (The specified module could not be found)) in Unknown on line 0
[27-Sep-2023 02:14:30 UTC] PHP Warning:  PHP Startup: Unable to load dynamic library 'php_xsl.dll' (tried: C:/Users/tobyh/AppData/Roaming/Local/lightning-services/php-8.0.30+0/bin/win64/ext\php_xsl.dll (The specified procedure could not be found), C:/Users/tobyh/AppData/Roaming/Local/lightning-services/php-8.0.30+0/bin/win64/ext\php_php_xsl.dll.dll (The specified module could not be found)) in Unknown on line 0
[27-Sep-2023 02:14:30 UTC] PHP Warning:  PHP Startup: Unable to load dynamic library 'php_soap.dll' (tried: C:/Users/tobyh/AppData/Roaming/Local/lightning-services/php-8.0.30+0/bin/win64/ext\php_soap.dll (The specified procedure could not be found), C:/Users/tobyh/AppData/Roaming/Local/lightning-services/php-8.0.30+0/bin/win64/ext\php_php_soap.dll.dll (The specified module could not be found)) in Unknown on line 0
[27-Sep-2023 02:14:30 UTC] PHP Warning:  PHP Startup: Unable to load dynamic library 'php_mysqli.dll' (tried: C:/Users/tobyh/AppData/Roaming/Local/lightning-services/php-8.0.30+0/bin/win64/ext\php_mysqli.dll (The specified procedure could not be found), C:/Users/tobyh/AppData/Roaming/Local/lightning-services/php-8.0.30+0/bin/win64/ext\php_php_mysqli.dll.dll (The specified module could not be found)) in Unknown on line 0
[27-Sep-2023 02:14:30 UTC] PHP Warning:  PHP Startup: Unable to load dynamic library 'php_pdo_mysql.dll' (tried: C:/Users/tobyh/AppData/Roaming/Local/lightning-services/php-8.0.30+0/bin/win64/ext\php_pdo_mysql.dll (The specified procedure could not be found), C:/Users/tobyh/AppData/Roaming/Local/lightning-services/php-8.0.30+0/bin/win64/ext\php_php_pdo_mysql.dll.dll (The specified module could not be found)) in Unknown on line 0
[27-Sep-2023 02:14:30 UTC] PHP Warning:  PHP Startup: Unable to load dynamic library 'php_fileinfo.dll' (tried: C:/Users/tobyh/AppData/Roaming/Local/lightning-services/php-8.0.30+0/bin/win64/ext\php_fileinfo.dll (The specified procedure could not be found), C:/Users/tobyh/AppData/Roaming/Local/lightning-services/php-8.0.30+0/bin/win64/ext\php_php_fileinfo.dll.dll (The specified module could not be found)) in Unknown on line 0
[27-Sep-2023 02:14:30 UTC] PHP Warning:  PHP Startup: Unable to load dynamic library 'php_pdo_sqlite.dll' (tried: C:/Users/tobyh/AppData/Roaming/Local/lightning-services/php-8.0.30+0/bin/win64/ext\php_pdo_sqlite.dll (The specified procedure could not be found), C:/Users/tobyh/AppData/Roaming/Local/lightning-services/php-8.0.30+0/bin/win64/ext\php_php_pdo_sqlite.dll.dll (The specified module could not be found)) in Unknown on line 0
[27-Sep-2023 02:14:30 UTC] PHP Warning:  PHP Startup: Unable to load dynamic library 'php_sqlite3.dll' (tried: C:/Users/tobyh/AppData/Roaming/Local/lightning-services/php-8.0.30+0/bin/win64/ext\php_sqlite3.dll (The specified procedure could not be found), C:/Users/tobyh/AppData/Roaming/Local/lightning-services/php-8.0.30+0/bin/win64/ext\php_php_sqlite3.dll.dll (The specified module could not be found)) in Unknown on line 0
[27-Sep-2023 02:14:30 UTC] PHP Warning:  PHP Startup: Unable to load dynamic library 'php_imagick.dll' (tried: C:/Users/tobyh/AppData/Roaming/Local/lightning-services/php-8.0.30+0/bin/win64/ext\php_imagick.dll (The specified procedure could not be found), C:/Users/tobyh/AppData/Roaming/Local/lightning-services/php-8.0.30+0/bin/win64/ext\php_php_imagick.dll.dll (The specified module could not be found)) in Unknown on line 0
[27-Sep-2023 02:14:30 UTC] PHP Warning:  PHP Startup: Unable to load dynamic library 'php_intl.dll' (tried: C:/Users/tobyh/AppData/Roaming/Local/lightning-services/php-8.0.30+0/bin/win64/ext\php_intl.dll (The specified module could not be found), C:/Users/tobyh/AppData/Roaming/Local/lightning-services/php-8.0.30+0/bin/win64/ext\php_php_intl.dll.dll (The specified module could not be found)) in Unknown on line 0
[27-Sep-2023 02:14:31 UTC] PHP Warning:  Failed loading Zend extension 'php_opcache.dll' (tried: C:/Users/tobyh/AppData/Roaming/Local/lightning-services/php-8.0.30+0/bin/win64/ext\php_opcache.dll (The specified procedure could not be found), C:/Users/tobyh/AppData/Roaming/Local/lightning-services/php-8.0.30+0/bin/win64/ext\php_php_opcache.dll.dll (The specified module could not be found)) in Unknown on line 0
[27-Sep-2023 02:14:31 UTC] PHP Warning:  Failed loading Zend extension 'php_xdebug.dll' (tried: C:/Users/tobyh/AppData/Roaming/Local/lightning-services/php-8.0.30+0/bin/win64/ext\php_xdebug.dll (The specified procedure could not be found), C:/Users/tobyh/AppData/Roaming/Local/lightning-services/php-8.0.30+0/bin/win64/ext\php_php_xdebug.dll.dll (The specified module could not be found)) in Unknown on line 0
[27-Sep-2023 02:14:31 UTC] PHP Warning:  PHP Startup: Unable to load dynamic library 'php_curl.dll' (tried: C:/Users/tobyh/AppData/Roaming/Local/lightning-services/php-8.0.30+0/bin/win64/ext\php_curl.dll (The specified procedure could not be found), C:/Users/tobyh/AppData/Roaming/Local/lightning-services/php-8.0.30+0/bin/win64/ext\php_php_curl.dll.dll (The specified module could not be found)) in Unknown on line 0
[27-Sep-2023 02:14:31 UTC] PHP Warning:  PHP Startup: Unable to load dynamic library 'php_gettext.dll' (tried: C:/Users/tobyh/AppData/Roaming/Local/lightning-services/php-8.0.30+0/bin/win64/ext\php_gettext.dll (The specified procedure could not be found), C:/Users/tobyh/AppData/Roaming/Local/lightning-services/php-8.0.30+0/bin/win64/ext\php_php_gettext.dll.dll (The specified module could not be found)) in Unknown on line 0
[27-Sep-2023 02:14:31 UTC] PHP Warning:  PHP Startup: Unable to load dynamic library 'php_openssl.dll' (tried: C:/Users/tobyh/AppData/Roaming/Local/lightning-services/php-8.0.30+0/bin/win64/ext\php_openssl.dll (The specified procedure could not be found), C:/Users/tobyh/AppData/Roaming/Local/lightning-services/php-8.0.30+0/bin/win64/ext\php_php_openssl.dll.dll (The specified module could not be found)) in Unknown on line 0
[27-Sep-2023 02:14:31 UTC] PHP Warning:  PHP Startup: Unable to load dynamic library 'php_exif.dll' (tried: C:/Users/tobyh/AppData/Roaming/Local/lightning-services/php-8.0.30+0/bin/win64/ext\php_exif.dll (The specified procedure could not be found), C:/Users/tobyh/AppData/Roaming/Local/lightning-services/php-8.0.30+0/bin/win64/ext\php_php_exif.dll.dll (The specified module could not be found)) in Unknown on line 0
[27-Sep-2023 02:14:31 UTC] PHP Warning:  PHP Startup: Unable to load dynamic library 'php_gd.dll' (tried: C:/Users/tobyh/AppData/Roaming/Local/lightning-services/php-8.0.30+0/bin/win64/ext\php_gd.dll (The specified procedure could not be found), C:/Users/tobyh/AppData/Roaming/Local/lightning-services/php-8.0.30+0/bin/win64/ext\php_php_gd.dll.dll (The specified module could not be found)) in Unknown on line 0
[27-Sep-2023 02:14:31 UTC] PHP Warning:  PHP Startup: ftp: Unable to initialize module
Module compiled with module API=20200930
PHP    compiled with module API=20210902
These options need to match
 in Unknown on line 0
[27-Sep-2023 02:14:31 UTC] PHP Warning:  PHP Startup: Unable to load dynamic library 'php_ffi.dll' (tried: C:/Users/tobyh/AppData/Roaming/Local/lightning-services/php-8.0.30+0/bin/win64/ext\php_ffi.dll (The specified procedure could not be found), C:/Users/tobyh/AppData/Roaming/Local/lightning-services/php-8.0.30+0/bin/win64/ext\php_php_ffi.dll.dll (The specified module could not be found)) in Unknown on line 0
[27-Sep-2023 02:14:31 UTC] PHP Warning:  PHP Startup: Unable to load dynamic library 'php_imap.dll' (tried: C:/Users/tobyh/AppData/Roaming/Local/lightning-services/php-8.0.30+0/bin/win64/ext\php_imap.dll (The specified procedure could not be found), C:/Users/tobyh/AppData/Roaming/Local/lightning-services/php-8.0.30+0/bin/win64/ext\php_php_imap.dll.dll (The specified module could not be found)) in Unknown on line 0
[27-Sep-2023 02:14:31 UTC] PHP Warning:  PHP Startup: Unable to load dynamic library 'php_bz2.dll' (tried: C:/Users/tobyh/AppData/Roaming/Local/lightning-services/php-8.0.30+0/bin/win64/ext\php_bz2.dll (The specified procedure could not be found), C:/Users/tobyh/AppData/Roaming/Local/lightning-services/php-8.0.30+0/bin/win64/ext\php_php_bz2.dll.dll (The specified module could not be found)) in Unknown on line 0
[27-Sep-2023 02:14:31 UTC] PHP Warning:  PHP Startup: Unable to load dynamic library 'php_mbstring.dll' (tried: C:/Users/tobyh/AppData/Roaming/Local/lightning-services/php-8.0.30+0/bin/win64/ext\php_mbstring.dll (The specified procedure could not be found), C:/Users/tobyh/AppData/Roaming/Local/lightning-services/php-8.0.30+0/bin/win64/ext\php_php_mbstring.dll.dll (The specified module could not be found)) in Unknown on line 0
[27-Sep-2023 02:14:31 UTC] PHP Warning:  PHP Startup: Unable to load dynamic library 'php_sodium.dll' (tried: C:/Users/tobyh/AppData/Roaming/Local/lightning-services/php-8.0.30+0/bin/win64/ext\php_sodium.dll (The specified procedure could not be found), C:/Users/tobyh/AppData/Roaming/Local/lightning-services/php-8.0.30+0/bin/win64/ext\php_php_sodium.dll.dll (The specified module could not be found)) in Unknown on line 0
[27-Sep-2023 02:14:31 UTC] PHP Warning:  PHP Startup: Unable to load dynamic library 'php_tidy.dll' (tried: C:/Users/tobyh/AppData/Roaming/Local/lightning-services/php-8.0.30+0/bin/win64/ext\php_tidy.dll (The specified procedure could not be found), C:/Users/tobyh/AppData/Roaming/Local/lightning-services/php-8.0.30+0/bin/win64/ext\php_php_tidy.dll.dll (The specified module could not be found)) in Unknown on line 0
[27-Sep-2023 02:14:31 UTC] PHP Warning:  PHP Startup: Unable to load dynamic library 'php_xsl.dll' (tried: C:/Users/tobyh/AppData/Roaming/Local/lightning-services/php-8.0.30+0/bin/win64/ext\php_xsl.dll (The specified procedure could not be found), C:/Users/tobyh/AppData/Roaming/Local/lightning-services/php-8.0.30+0/bin/win64/ext\php_php_xsl.dll.dll (The specified module could not be found)) in Unknown on line 0
[27-Sep-2023 02:14:31 UTC] PHP Warning:  PHP Startup: Unable to load dynamic library 'php_soap.dll' (tried: C:/Users/tobyh/AppData/Roaming/Local/lightning-services/php-8.0.30+0/bin/win64/ext\php_soap.dll (The specified procedure could not be found), C:/Users/tobyh/AppData/Roaming/Local/lightning-services/php-8.0.30+0/bin/win64/ext\php_php_soap.dll.dll (The specified module could not be found)) in Unknown on line 0
[27-Sep-2023 02:14:31 UTC] PHP Warning:  PHP Startup: Unable to load dynamic library 'php_mysqli.dll' (tried: C:/Users/tobyh/AppData/Roaming/Local/lightning-services/php-8.0.30+0/bin/win64/ext\php_mysqli.dll (The specified procedure could not be found), C:/Users/tobyh/AppData/Roaming/Local/lightning-services/php-8.0.30+0/bin/win64/ext\php_php_mysqli.dll.dll (The specified module could not be found)) in Unknown on line 0
[27-Sep-2023 02:14:31 UTC] PHP Warning:  PHP Startup: Unable to load dynamic library 'php_pdo_mysql.dll' (tried: C:/Users/tobyh/AppData/Roaming/Local/lightning-services/php-8.0.30+0/bin/win64/ext\php_pdo_mysql.dll (The specified procedure could not be found), C:/Users/tobyh/AppData/Roaming/Local/lightning-services/php-8.0.30+0/bin/win64/ext\php_php_pdo_mysql.dll.dll (The specified module could not be found)) in Unknown on line 0
[27-Sep-2023 02:14:31 UTC] PHP Warning:  PHP Startup: Unable to load dynamic library 'php_fileinfo.dll' (tried: C:/Users/tobyh/AppData/Roaming/Local/lightning-services/php-8.0.30+0/bin/win64/ext\php_fileinfo.dll (The specified procedure could not be found), C:/Users/tobyh/AppData/Roaming/Local/lightning-services/php-8.0.30+0/bin/win64/ext\php_php_fileinfo.dll.dll (The specified module could not be found)) in Unknown on line 0
[27-Sep-2023 02:14:31 UTC] PHP Warning:  PHP Startup: Unable to load dynamic library 'php_pdo_sqlite.dll' (tried: C:/Users/tobyh/AppData/Roaming/Local/lightning-services/php-8.0.30+0/bin/win64/ext\php_pdo_sqlite.dll (The specified procedure could not be found), C:/Users/tobyh/AppData/Roaming/Local/lightning-services/php-8.0.30+0/bin/win64/ext\php_php_pdo_sqlite.dll.dll (The specified module could not be found)) in Unknown on line 0
[27-Sep-2023 02:14:31 UTC] PHP Warning:  PHP Startup: Unable to load dynamic library 'php_sqlite3.dll' (tried: C:/Users/tobyh/AppData/Roaming/Local/lightning-services/php-8.0.30+0/bin/win64/ext\php_sqlite3.dll (The specified procedure could not be found), C:/Users/tobyh/AppData/Roaming/Local/lightning-services/php-8.0.30+0/bin/win64/ext\php_php_sqlite3.dll.dll (The specified module could not be found)) in Unknown on line 0
[27-Sep-2023 02:14:31 UTC] PHP Warning:  PHP Startup: Unable to load dynamic library 'php_imagick.dll' (tried: C:/Users/tobyh/AppData/Roaming/Local/lightning-services/php-8.0.30+0/bin/win64/ext\php_imagick.dll (The specified procedure could not be found), C:/Users/tobyh/AppData/Roaming/Local/lightning-services/php-8.0.30+0/bin/win64/ext\php_php_imagick.dll.dll (The specified module could not be found)) in Unknown on line 0
[27-Sep-2023 02:14:31 UTC] PHP Warning:  PHP Startup: Unable to load dynamic library 'php_intl.dll' (tried: C:/Users/tobyh/AppData/Roaming/Local/lightning-services/php-8.0.30+0/bin/win64/ext\php_intl.dll (The specified module could not be found), C:/Users/tobyh/AppData/Roaming/Local/lightning-services/php-8.0.30+0/bin/win64/ext\php_php_intl.dll.dll (The specified module could not be found)) in Unknown on line 0
