[06-Aug-2023 11:58:12 UTC] Cron reschedule event error for hook: wp_nf_update_fields_cron, Error code: invalid_schedule, Error message: Event schedule does not exist., Data: {"schedule":"wp_nf_update_fields_cron_interval","args":[],"interval":300}
[06-Aug-2023 15:50:25 UTC] PHP Fatal error:  Uncaught Error: Undefined constant "_FILE_" in /Users/KaizenTech/Desktop/coding/tobyhogan-space/dynamic-non-live-site/app/public/wp-content/plugins/faded-borders-for-images/border.php:35
Stack trace:
#0 /Users/KaizenTech/Desktop/coding/tobyhogan-space/dynamic-non-live-site/app/public/wp-admin/includes/plugin.php(2314): include_once()
#1 /Users/KaizenTech/Desktop/coding/tobyhogan-space/dynamic-non-live-site/app/public/wp-admin/includes/plugin.php(661): plugin_sandbox_scrape('faded-borders-f...')
#2 /Users/KaizenTech/Desktop/coding/tobyhogan-space/dynamic-non-live-site/app/public/wp-admin/plugins.php(58): activate_plugin('faded-borders-f...', 'http://non-live...', false)
#3 {main}
  thrown in /Users/KaizenTech/Desktop/coding/tobyhogan-space/dynamic-non-live-site/app/public/wp-content/plugins/faded-borders-for-images/border.php on line 35
[06-Aug-2023 15:50:25 UTC] PHP Fatal error:  Uncaught Error: Undefined constant "_FILE_" in /Users/KaizenTech/Desktop/coding/tobyhogan-space/dynamic-non-live-site/app/public/wp-content/plugins/faded-borders-for-images/border.php:35
Stack trace:
#0 /Users/KaizenTech/Desktop/coding/tobyhogan-space/dynamic-non-live-site/app/public/wp-admin/includes/plugin.php(2314): include_once()
#1 /Users/KaizenTech/Desktop/coding/tobyhogan-space/dynamic-non-live-site/app/public/wp-admin/plugins.php(192): plugin_sandbox_scrape('faded-borders-f...')
#2 {main}
  thrown in /Users/KaizenTech/Desktop/coding/tobyhogan-space/dynamic-non-live-site/app/public/wp-content/plugins/faded-borders-for-images/border.php on line 35
[06-Aug-2023 15:50:25 UTC] PHP Fatal error:  Uncaught Error: Undefined constant "_FILE_" in /Users/KaizenTech/Desktop/coding/tobyhogan-space/dynamic-non-live-site/app/public/wp-content/plugins/faded-borders-for-images/border.php:35
Stack trace:
#0 /Users/KaizenTech/Desktop/coding/tobyhogan-space/dynamic-non-live-site/app/public/wp-admin/includes/plugin.php(2314): include_once()
#1 /Users/KaizenTech/Desktop/coding/tobyhogan-space/dynamic-non-live-site/app/public/wp-admin/plugins.php(192): plugin_sandbox_scrape('faded-borders-f...')
#2 {main}
  thrown in /Users/KaizenTech/Desktop/coding/tobyhogan-space/dynamic-non-live-site/app/public/wp-content/plugins/faded-borders-for-images/border.php on line 35
