[06-Aug-2023 11:58:12 UTC] Cron reschedule event error for hook: wp_nf_update_fields_cron, Error code: invalid_schedule, Error message: Event schedule does not exist., Data: {"schedule":"wp_nf_update_fields_cron_interval","args":[],"interval":300}
[06-Aug-2023 15:50:25 UTC] PHP Fatal error:  Uncaught Error: Undefined constant "_FILE_" in /Users/KaizenTech/Desktop/coding/tobyhogan-space/dynamic-non-live-site/app/public/wp-content/plugins/faded-borders-for-images/border.php:35
Stack trace:
#0 /Users/KaizenTech/Desktop/coding/tobyhogan-space/dynamic-non-live-site/app/public/wp-admin/includes/plugin.php(2314): include_once()
#1 /Users/KaizenTech/Desktop/coding/tobyhogan-space/dynamic-non-live-site/app/public/wp-admin/includes/plugin.php(661): plugin_sandbox_scrape('faded-borders-f...')
#2 /Users/KaizenTech/Desktop/coding/tobyhogan-space/dynamic-non-live-site/app/public/wp-admin/plugins.php(58): activate_plugin('faded-borders-f...', 'http://non-live...', false)
#3 {main}
  thrown in /Users/KaizenTech/Desktop/coding/tobyhogan-space/dynamic-non-live-site/app/public/wp-content/plugins/faded-borders-for-images/border.php on line 35
[06-Aug-2023 15:50:25 UTC] PHP Fatal error:  Uncaught Error: Undefined constant "_FILE_" in /Users/KaizenTech/Desktop/coding/tobyhogan-space/dynamic-non-live-site/app/public/wp-content/plugins/faded-borders-for-images/border.php:35
Stack trace:
#0 /Users/KaizenTech/Desktop/coding/tobyhogan-space/dynamic-non-live-site/app/public/wp-admin/includes/plugin.php(2314): include_once()
#1 /Users/KaizenTech/Desktop/coding/tobyhogan-space/dynamic-non-live-site/app/public/wp-admin/plugins.php(192): plugin_sandbox_scrape('faded-borders-f...')
#2 {main}
  thrown in /Users/KaizenTech/Desktop/coding/tobyhogan-space/dynamic-non-live-site/app/public/wp-content/plugins/faded-borders-for-images/border.php on line 35
[06-Aug-2023 15:50:25 UTC] PHP Fatal error:  Uncaught Error: Undefined constant "_FILE_" in /Users/KaizenTech/Desktop/coding/tobyhogan-space/dynamic-non-live-site/app/public/wp-content/plugins/faded-borders-for-images/border.php:35
Stack trace:
#0 /Users/KaizenTech/Desktop/coding/tobyhogan-space/dynamic-non-live-site/app/public/wp-admin/includes/plugin.php(2314): include_once()
#1 /Users/KaizenTech/Desktop/coding/tobyhogan-space/dynamic-non-live-site/app/public/wp-admin/plugins.php(192): plugin_sandbox_scrape('faded-borders-f...')
#2 {main}
  thrown in /Users/KaizenTech/Desktop/coding/tobyhogan-space/dynamic-non-live-site/app/public/wp-content/plugins/faded-borders-for-images/border.php on line 35
[08-Aug-2023 15:06:46 UTC] PHP Warning:  Trying to access array offset on value of type null in /Users/KaizenTech/Desktop/coding/tobyhogan-space/dynamic-non-live-site/app/public/wp-includes/block-supports/duotone.php on line 416
[08-Aug-2023 15:06:46 UTC] PHP Warning:  Trying to access array offset on value of type null in /Users/KaizenTech/Desktop/coding/tobyhogan-space/dynamic-non-live-site/app/public/wp-includes/block-supports/duotone.php on line 417
[08-Aug-2023 15:06:46 UTC] PHP Warning:  Trying to access array offset on value of type null in /Users/KaizenTech/Desktop/coding/tobyhogan-space/dynamic-non-live-site/app/public/wp-includes/block-supports/duotone.php on line 418
[08-Aug-2023 15:06:46 UTC] PHP Warning:  Trying to access array offset on value of type null in /Users/KaizenTech/Desktop/coding/tobyhogan-space/dynamic-non-live-site/app/public/wp-includes/block-supports/duotone.php on line 419
[08-Aug-2023 15:06:48 UTC] PHP Warning:  Trying to access array offset on value of type null in /Users/KaizenTech/Desktop/coding/tobyhogan-space/dynamic-non-live-site/app/public/wp-includes/block-supports/duotone.php on line 416
[08-Aug-2023 15:06:48 UTC] PHP Warning:  Trying to access array offset on value of type null in /Users/KaizenTech/Desktop/coding/tobyhogan-space/dynamic-non-live-site/app/public/wp-includes/block-supports/duotone.php on line 417
[08-Aug-2023 15:06:48 UTC] PHP Warning:  Trying to access array offset on value of type null in /Users/KaizenTech/Desktop/coding/tobyhogan-space/dynamic-non-live-site/app/public/wp-includes/block-supports/duotone.php on line 418
[08-Aug-2023 15:06:48 UTC] PHP Warning:  Trying to access array offset on value of type null in /Users/KaizenTech/Desktop/coding/tobyhogan-space/dynamic-non-live-site/app/public/wp-includes/block-supports/duotone.php on line 419
[08-Aug-2023 15:06:58 UTC] PHP Warning:  Trying to access array offset on value of type null in /Users/KaizenTech/Desktop/coding/tobyhogan-space/dynamic-non-live-site/app/public/wp-includes/block-supports/duotone.php on line 416
[08-Aug-2023 15:06:58 UTC] PHP Warning:  Trying to access array offset on value of type null in /Users/KaizenTech/Desktop/coding/tobyhogan-space/dynamic-non-live-site/app/public/wp-includes/block-supports/duotone.php on line 417
[08-Aug-2023 15:06:58 UTC] PHP Warning:  Trying to access array offset on value of type null in /Users/KaizenTech/Desktop/coding/tobyhogan-space/dynamic-non-live-site/app/public/wp-includes/block-supports/duotone.php on line 418
[08-Aug-2023 15:06:58 UTC] PHP Warning:  Trying to access array offset on value of type null in /Users/KaizenTech/Desktop/coding/tobyhogan-space/dynamic-non-live-site/app/public/wp-includes/block-supports/duotone.php on line 419
[08-Aug-2023 15:07:01 UTC] PHP Warning:  Trying to access array offset on value of type null in /Users/KaizenTech/Desktop/coding/tobyhogan-space/dynamic-non-live-site/app/public/wp-includes/block-supports/duotone.php on line 416
[08-Aug-2023 15:07:01 UTC] PHP Warning:  Trying to access array offset on value of type null in /Users/KaizenTech/Desktop/coding/tobyhogan-space/dynamic-non-live-site/app/public/wp-includes/block-supports/duotone.php on line 417
[08-Aug-2023 15:07:01 UTC] PHP Warning:  Trying to access array offset on value of type null in /Users/KaizenTech/Desktop/coding/tobyhogan-space/dynamic-non-live-site/app/public/wp-includes/block-supports/duotone.php on line 418
[08-Aug-2023 15:07:01 UTC] PHP Warning:  Trying to access array offset on value of type null in /Users/KaizenTech/Desktop/coding/tobyhogan-space/dynamic-non-live-site/app/public/wp-includes/block-supports/duotone.php on line 419
[08-Aug-2023 15:07:02 UTC] PHP Warning:  Trying to access array offset on value of type null in /Users/KaizenTech/Desktop/coding/tobyhogan-space/dynamic-non-live-site/app/public/wp-includes/block-supports/duotone.php on line 416
[08-Aug-2023 15:07:02 UTC] PHP Warning:  Trying to access array offset on value of type null in /Users/KaizenTech/Desktop/coding/tobyhogan-space/dynamic-non-live-site/app/public/wp-includes/block-supports/duotone.php on line 417
[08-Aug-2023 15:07:02 UTC] PHP Warning:  Trying to access array offset on value of type null in /Users/KaizenTech/Desktop/coding/tobyhogan-space/dynamic-non-live-site/app/public/wp-includes/block-supports/duotone.php on line 418
[08-Aug-2023 15:07:02 UTC] PHP Warning:  Trying to access array offset on value of type null in /Users/KaizenTech/Desktop/coding/tobyhogan-space/dynamic-non-live-site/app/public/wp-includes/block-supports/duotone.php on line 419
[08-Aug-2023 20:32:42 UTC] PHP Warning:  Undefined array key "d" in /Users/KaizenTech/Desktop/coding/tobyhogan-space/dynamic-non-live-site/app/public/wp-content/plugins/wpforms-lite/src/Integrations/Gutenberg/FormSelector.php on line 724
[08-Aug-2023 20:32:42 UTC] PHP Warning:  foreach() argument must be of type array|object, null given in /Users/KaizenTech/Desktop/coding/tobyhogan-space/dynamic-non-live-site/app/public/wp-content/plugins/wpforms-lite/src/Frontend/CSSVars.php on line 218
[08-Aug-2023 20:38:31 UTC] Cron reschedule event error for hook: action_scheduler_run_queue, Error code: could_not_set, Error message: The cron event list could not be saved., Data: {"schedule":"every_minute","args":["WP Cron"],"interval":60}
[09-Aug-2023 12:16:51 UTC] PHP Warning:  An unexpected error occurred. Something may be wrong with WordPress.org or this server&#8217;s configuration. If you continue to have problems, please try the <a href="https://wordpress.org/support/forums/">support forums</a>. (WordPress could not establish a secure connection to WordPress.org. Please contact your server administrator.) in /Users/KaizenTech/Desktop/coding/tobyhogan-space/dynamic-non-live-site/app/public/wp-admin/includes/update.php on line 143
[09-Aug-2023 12:16:51 UTC] PHP Warning:  An unexpected error occurred. Something may be wrong with WordPress.org or this server&#8217;s configuration. If you continue to have problems, please try the <a href="https://wordpress.org/support/forums/">support forums</a>. (WordPress could not establish a secure connection to WordPress.org. Please contact your server administrator.) in /Users/KaizenTech/Desktop/coding/tobyhogan-space/dynamic-non-live-site/app/public/wp-includes/update.php on line 209
[09-Aug-2023 12:16:51 UTC] PHP Warning:  An unexpected error occurred. Something may be wrong with WordPress.org or this server&#8217;s configuration. If you continue to have problems, please try the <a href="https://wordpress.org/support/forums/">support forums</a>. (WordPress could not establish a secure connection to WordPress.org. Please contact your server administrator.) in /Users/KaizenTech/Desktop/coding/tobyhogan-space/dynamic-non-live-site/app/public/wp-includes/update.php on line 447
[09-Aug-2023 12:16:51 UTC] PHP Warning:  An unexpected error occurred. Something may be wrong with WordPress.org or this server&#8217;s configuration. If you continue to have problems, please try the <a href="https://wordpress.org/support/forums/">support forums</a>. (WordPress could not establish a secure connection to WordPress.org. Please contact your server administrator.) in /Users/KaizenTech/Desktop/coding/tobyhogan-space/dynamic-non-live-site/app/public/wp-includes/update.php on line 728
[27-Sep-2023 01:29:11 UTC] PHP Warning:  Undefined array key "url" in /Users/KaizenTech/Desktop/coding/tobyhogan-space/dynamic-non-live-site/app/public/wp-content/plugins/wpforms-lite/src/Forms/IconChoices.php on line 127
[27-Sep-2023 01:29:11 UTC] PHP Warning:  Undefined array key "path" in /Users/KaizenTech/Desktop/coding/tobyhogan-space/dynamic-non-live-site/app/public/wp-content/plugins/wpforms-lite/src/Forms/IconChoices.php on line 128
[27-Sep-2023 01:29:22 UTC] Cron reschedule event error for hook: nf_marketing_feed_cron, Error code: invalid_schedule, Error message: Event schedule does not exist., Data: {"schedule":"nf-weekly","args":[],"interval":604800}
[27-Sep-2023 01:29:22 UTC] Cron reschedule event error for hook: nf_weekly_promotion_update, Error code: invalid_schedule, Error message: Event schedule does not exist., Data: {"schedule":"nf-weekly","args":[],"interval":604800}
[27-Sep-2023 01:29:28 UTC] Cron reschedule event error for hook: nf_optin_cron, Error code: invalid_schedule, Error message: Event schedule does not exist., Data: {"schedule":"nf-monthly","args":[],"interval":2678400}
[03-Dec-2023 14:52:11 UTC] PHP Warning:  Undefined array key "url" in /Users/KaizenTech/Desktop/coding/tobyhogan-space/dynamic-non-live-site/app/public/wp-content/plugins/wpforms-lite/src/Forms/IconChoices.php on line 127
[03-Dec-2023 14:52:11 UTC] PHP Warning:  Undefined array key "path" in /Users/KaizenTech/Desktop/coding/tobyhogan-space/dynamic-non-live-site/app/public/wp-content/plugins/wpforms-lite/src/Forms/IconChoices.php on line 128
