[01-Aug-2023 12:56:36] NOTICE: fpm is running, pid 31140
[01-Aug-2023 12:56:36] NOTICE: ready to handle connections
[03-Aug-2023 19:08:59] NOTICE: fpm is running, pid 88915
[03-Aug-2023 19:08:59] NOTICE: ready to handle connections
[03-Aug-2023 19:48:26] NOTICE: Terminating ...
[03-Aug-2023 19:48:27] NOTICE: Terminating ...
[03-Aug-2023 19:48:27] NOTICE: exiting, bye-bye!
[05-Aug-2023 17:59:10] NOTICE: fpm is running, pid 36925
[05-Aug-2023 17:59:10] NOTICE: ready to handle connections
[05-Aug-2023 18:32:39] NOTICE: Terminating ...
[05-Aug-2023 18:32:39] NOTICE: Terminating ...
[05-Aug-2023 18:32:39] NOTICE: exiting, bye-bye!
[06-Aug-2023 10:13:17] NOTICE: fpm is running, pid 40804
[06-Aug-2023 10:13:17] NOTICE: ready to handle connections
[06-Aug-2023 17:57:24] NOTICE: Terminating ...
[06-Aug-2023 17:57:24] NOTICE: Terminating ...
[06-Aug-2023 17:57:24] NOTICE: exiting, bye-bye!
[06-Aug-2023 20:34:48] NOTICE: fpm is running, pid 5371
[06-Aug-2023 20:34:48] NOTICE: ready to handle connections
[06-Aug-2023 20:35:47] NOTICE: Terminating ...
[06-Aug-2023 20:35:47] NOTICE: Terminating ...
[06-Aug-2023 20:35:47] NOTICE: exiting, bye-bye!
[06-Aug-2023 20:35:49] NOTICE: fpm is running, pid 5513
[06-Aug-2023 20:35:49] NOTICE: ready to handle connections
[06-Aug-2023 20:36:52] NOTICE: Terminating ...
[06-Aug-2023 20:36:52] NOTICE: Terminating ...
[06-Aug-2023 20:36:52] NOTICE: exiting, bye-bye!
[06-Aug-2023 20:36:56] NOTICE: fpm is running, pid 5635
[06-Aug-2023 20:36:56] NOTICE: ready to handle connections
[06-Aug-2023 20:37:08] NOTICE: Terminating ...
[06-Aug-2023 20:37:08] NOTICE: Terminating ...
[06-Aug-2023 20:37:08] NOTICE: exiting, bye-bye!
[06-Aug-2023 20:37:27] NOTICE: fpm is running, pid 5765
[06-Aug-2023 20:37:27] NOTICE: ready to handle connections
[07-Aug-2023 16:41:43] NOTICE: Terminating ...
[07-Aug-2023 16:41:43] NOTICE: Terminating ...
[07-Aug-2023 16:41:43] NOTICE: exiting, bye-bye!
[07-Aug-2023 17:38:18] NOTICE: fpm is running, pid 3010
[07-Aug-2023 17:38:18] NOTICE: ready to handle connections
[09-Aug-2023 18:19:03] NOTICE: Terminating ...
[09-Aug-2023 18:19:03] NOTICE: Terminating ...
[09-Aug-2023 18:19:03] NOTICE: exiting, bye-bye!
[09-Aug-2023 18:22:35] NOTICE: fpm is running, pid 1433
[09-Aug-2023 18:22:35] NOTICE: ready to handle connections
[10-Aug-2023 11:06:17] NOTICE: Terminating ...
[10-Aug-2023 11:06:17] NOTICE: Terminating ...
[10-Aug-2023 11:06:17] NOTICE: exiting, bye-bye!
[27-Sep-2023 02:28:54] NOTICE: fpm is running, pid 23864
[27-Sep-2023 02:28:54] NOTICE: ready to handle connections
[27-Sep-2023 02:44:53] NOTICE: Terminating ...
[27-Sep-2023 02:44:53] NOTICE: Terminating ...
[27-Sep-2023 02:44:53] NOTICE: exiting, bye-bye!
[27-Sep-2023 03:04:41] NOTICE: fpm is running, pid 28040
[27-Sep-2023 03:04:41] NOTICE: ready to handle connections
[27-Sep-2023 03:15:34] NOTICE: Terminating ...
[27-Sep-2023 03:15:34] NOTICE: Terminating ...
[27-Sep-2023 03:15:35] NOTICE: exiting, bye-bye!
[27-Sep-2023 03:16:30] NOTICE: fpm is running, pid 28814
[27-Sep-2023 03:16:30] NOTICE: ready to handle connections
[03-Dec-2023 14:51:56] NOTICE: fpm is running, pid 9301
[03-Dec-2023 14:51:56] NOTICE: ready to handle connections
[03-Dec-2023 14:58:53] NOTICE: Terminating ...
[03-Dec-2023 14:58:53] NOTICE: Terminating ...
[03-Dec-2023 14:58:53] NOTICE: exiting, bye-bye!
[03-Dec-2023 15:05:55] NOTICE: fpm is running, pid 12433
[03-Dec-2023 15:05:55] NOTICE: ready to handle connections
